<?xml version="1.0" encoding="UTF-8"?>
<!-- Generated by org.testng.reporters.JUnitReportReporter -->
<testsuite hostname="LAPTOP-8UAN02BP" name="runners.MainRunner" tests="1" failures="0" timestamp="28 May 2019 11:37:24 GMT" time="17.562" errors="0">
  <testcase name="feature" time="17.562" classname="runners.MainRunner"/>
</testsuite> <!-- runners.MainRunner -->
